  5.0000001E-02   703.2713      8.5516028E-02   407.0690       569.5938    
  0.1000000       691.0446      0.1256792       401.7731       555.1974    
  0.1500000       675.9524      0.1769489       394.9842       537.7075    
  0.2000000       657.5360      0.2294233       386.0469       516.5752    
  0.2500000       635.5654      0.2690606       374.8695       491.0628    
  0.3000000       609.7523      0.3004018       361.1766       460.5500    
  0.3500000       579.9909      0.3261171       344.2971       424.4707    
  0.4000000       546.4143      0.3473883       324.0382       382.0618    
  0.4500000       509.6402      0.3684964       300.5155       332.9704    
  0.5000000       471.6545      0.4165756       275.6855       283.4102    
  0.5500000       433.8500      0.4663312       246.9450       232.3284    
  0.6000000       398.8675      0.5124276       214.5927       181.4738    
  0.6500000       369.7385      0.5547989       183.9569       135.3947    
  0.7000000       346.3648      0.5952557       159.7255       97.18241    
  0.7500000       328.3585      0.6318844       144.8943       70.67142    
  0.8000000       312.8401      0.6651751       135.3513       49.99662    
  0.8500000       301.8986      0.6877632       126.7263       31.76213    
  0.9000000       297.4488      0.6961776       119.4013       16.79456    
  0.9500000       294.8003      0.7019579       113.0862       3.814738    
   1.000000       292.9048      0.7070453       108.1053      -7.005778    
